<?xml version="1.0" encoding="UTF-8"?>
<testng-results skipped="0" failed="0" ignored="0" total="10" passed="10">
  <reporter-output>
  </reporter-output>
  <suite name="Default suite" duration-ms="66376" started-at="2020-08-04T13:20:39Z" finished-at="2020-08-04T13:21:45Z">
    <groups>
    </groups>
    <test name="Default test" duration-ms="66376" started-at="2020-08-04T13:20:39Z" finished-at="2020-08-04T13:21:45Z">
      <class name="com.test.BedroomPageTest">
        <test-method status="PASS" signature="tc_openBrowser()[pri:0, instance:com.test.BedroomPageTest@45dd4eda]" name="tc_openBrowser" is-config="true" duration-ms="16669" started-at="2020-08-04T13:20:39Z" finished-at="2020-08-04T13:20:56Z">
          <reporter-output>
          </reporter-output>
        </test-method> <!-- tc_openBrowser -->
        <test-method status="PASS" signature="tc_BedroomMenuDisplay()[pri:1, instance:com.test.BedroomPageTest@45dd4eda]" name="tc_BedroomMenuDisplay" duration-ms="744" started-at="2020-08-04T13:20:56Z" finished-at="2020-08-04T13:20:56Z">
          <reporter-output>
          </reporter-output>
        </test-method> <!-- tc_BedroomMenuDisplay -->
        <test-method status="PASS" signature="tc_Beds_SubMenuDisplay()[pri:2, instance:com.test.BedroomPageTest@45dd4eda]" name="tc_Beds_SubMenuDisplay" duration-ms="148" started-at="2020-08-04T13:20:56Z" finished-at="2020-08-04T13:20:56Z">
          <reporter-output>
          </reporter-output>
        </test-method> <!-- tc_Beds_SubMenuDisplay -->
        <test-method status="PASS" signature="tc_getBeds_subMenu_Items()[pri:3, instance:com.test.BedroomPageTest@45dd4eda]" name="tc_getBeds_subMenu_Items" duration-ms="230" started-at="2020-08-04T13:20:56Z" finished-at="2020-08-04T13:20:57Z">
          <reporter-output>
          </reporter-output>
        </test-method> <!-- tc_getBeds_subMenu_Items -->
        <test-method status="PASS" signature="tc_BedsSubMenuItems()[pri:4, instance:com.test.BedroomPageTest@45dd4eda]" name="tc_BedsSubMenuItems" duration-ms="811" started-at="2020-08-04T13:20:57Z" finished-at="2020-08-04T13:20:58Z">
          <reporter-output>
          </reporter-output>
        </test-method> <!-- tc_BedsSubMenuItems -->
        <test-method status="PASS" signature="tc_Mattress_subMenu()[pri:5, instance:com.test.BedroomPageTest@45dd4eda]" name="tc_Mattress_subMenu" duration-ms="118" started-at="2020-08-04T13:20:58Z" finished-at="2020-08-04T13:20:58Z">
          <reporter-output>
          </reporter-output>
        </test-method> <!-- tc_Mattress_subMenu -->
        <test-method status="PASS" signature="tc_getMattress_subMenu_Items()[pri:6, instance:com.test.BedroomPageTest@45dd4eda]" name="tc_getMattress_subMenu_Items" duration-ms="57" started-at="2020-08-04T13:20:58Z" finished-at="2020-08-04T13:20:58Z">
          <reporter-output>
          </reporter-output>
        </test-method> <!-- tc_getMattress_subMenu_Items -->
        <test-method status="PASS" signature="tc_Beds_with_Storage()[pri:8, instance:com.test.BedroomPageTest@45dd4eda]" name="tc_Beds_with_Storage" duration-ms="10968" started-at="2020-08-04T13:20:58Z" finished-at="2020-08-04T13:21:09Z">
          <reporter-output>
          </reporter-output>
        </test-method> <!-- tc_Beds_with_Storage -->
        <test-method status="PASS" signature="tc_Beds_without_Storage()[pri:9, instance:com.test.BedroomPageTest@45dd4eda]" name="tc_Beds_without_Storage" duration-ms="13140" started-at="2020-08-04T13:21:09Z" finished-at="2020-08-04T13:21:22Z">
          <reporter-output>
          </reporter-output>
        </test-method> <!-- tc_Beds_without_Storage -->
        <test-method status="PASS" signature="tc_Double_Beds()[pri:10, instance:com.test.BedroomPageTest@45dd4eda]" name="tc_Double_Beds" duration-ms="13024" started-at="2020-08-04T13:21:22Z" finished-at="2020-08-04T13:21:35Z">
          <reporter-output>
          </reporter-output>
        </test-method> <!-- tc_Double_Beds -->
        <test-method status="PASS" signature="tc_King_Size_Beds()[pri:11, instance:com.test.BedroomPageTest@45dd4eda]" name="tc_King_Size_Beds" duration-ms="10419" started-at="2020-08-04T13:21:35Z" finished-at="2020-08-04T13:21:45Z">
          <reporter-output>
          </reporter-output>
        </test-method> <!-- tc_King_Size_Beds -->
      </class> <!-- com.test.BedroomPageTest -->
    </test> <!-- Default test -->
  </suite> <!-- Default suite -->
</testng-results>
